<?xml version="1.0" encoding="UTF-8"?>
<Site BuildName="Win32-mingw32-make"
	BuildStamp="20230105-0725-Experimental"
	Name="Book"
	Generator="ctest-3.25.1"
	CompilerName="F:/mingw64/bin/g++.exe"
	CompilerVersion="11.2.0"
	OSName="Windows"
	Hostname="Book"
	OSRelease=" Professional"
	OSVersion=" (Build 19044)"
	OSPlatform="AMD64"
	Is64Bits="1"
	VendorString="GenuineIntel"
	VendorID="Intel Corporation"
	FamilyID="6"
	ModelID="12"
	ProcessorCacheSize="-1"
	NumberOfLogicalCPU="8"
	NumberOfPhysicalCPU="4"
	TotalVirtualMemory="17534"
	TotalPhysicalMemory="16167"
	LogicalProcessorsPerPhysical="2"
	ProcessorClockFrequency="3187"
	>
	<Testing>
		<StartDateTime>Jan 05 15:25 中国标准时间</StartDateTime>
		<StartTestTime>1672903505</StartTestTime>
		<TestList/>
		<EndDateTime>Jan 05 15:25 中国标准时间</EndDateTime>
		<EndTestTime>1672903505</EndTestTime>
		<ElapsedMinutes>0</ElapsedMinutes>
	</Testing>
</Site>
